<?xml version="1.0" encoding="UTF-8"?>
<!-- Generated by org.testng.reporters.JUnitReportReporter -->
<testsuite hostname="QT-INBG-LT0709" failures="0" tests="1" name="mobileworld.launch" time="3.374" errors="0" timestamp="2022-08-02T18:00:28 IST" skipped="0">
  <testcase classname="mobileworld.launch" name="Launching_the_Browser" time="3.374"/>
  <system-out/>
</testsuite> <!-- mobileworld.launch -->
